<?xml version="1.0" encoding="UTF-8"?>
<testng-results skipped="0" failed="0" ignored="0" total="1" passed="1">
  <reporter-output>
  </reporter-output>
  <suite name="Default suite" duration-ms="31650" started-at="2023-05-18T10:17:25 IST" finished-at="2023-05-18T10:17:57 IST">
    <groups>
      <group name="cucumber">
        <method signature="AbstractTestNGCucumberTests.runScenario(cucumber.api.testng.PickleEventWrapper, cucumber.api.testng.CucumberFeatureWrapper)[pri:0, instance:com.opencart.testcases.TC001_ConfirmOrder@2fd66ad3]" name="runScenario" class="cucumber.api.testng.AbstractTestNGCucumberTests"/>
      </group> <!-- cucumber -->
    </groups>
    <test name="Default test" duration-ms="31650" started-at="2023-05-18T10:17:25 IST" finished-at="2023-05-18T10:17:57 IST">
      <class name="com.opencart.testcases.TC001_ConfirmOrder">
        <test-method status="PASS" signature="startReport()[pri:0, instance:com.opencart.testcases.TC001_ConfirmOrder@2fd66ad3]" name="startReport" is-config="true" duration-ms="114" started-at="2023-05-18T10:17:25 IST" finished-at="2023-05-18T10:17:25 IST">
          <reporter-output>
          </reporter-output>
        </test-method> <!-- startReport -->
        <test-method status="PASS" signature="setValues()[pri:0, instance:com.opencart.testcases.TC001_ConfirmOrder@2fd66ad3]" name="setValues" is-config="true" duration-ms="0" started-at="2023-05-18T10:17:25 IST" finished-at="2023-05-18T10:17:25 IST">
          <reporter-output>
          </reporter-output>
        </test-method> <!-- setValues -->
        <test-method status="PASS" signature="setUpClass()[pri:0, instance:com.opencart.testcases.TC001_ConfirmOrder@2fd66ad3]" name="setUpClass" is-config="true" duration-ms="92" started-at="2023-05-18T10:17:25 IST" finished-at="2023-05-18T10:17:25 IST">
          <reporter-output>
          </reporter-output>
        </test-method> <!-- setUpClass -->
        <test-method status="PASS" signature="startTestCase()[pri:0, instance:com.opencart.testcases.TC001_ConfirmOrder@2fd66ad3]" name="startTestCase" is-config="true" duration-ms="6" started-at="2023-05-18T10:17:25 IST" finished-at="2023-05-18T10:17:25 IST">
          <reporter-output>
          </reporter-output>
        </test-method> <!-- startTestCase -->
        <test-method status="PASS" signature="preCondition()[pri:0, instance:com.opencart.testcases.TC001_ConfirmOrder@2fd66ad3]" name="preCondition" is-config="true" duration-ms="9298" started-at="2023-05-18T10:17:26 IST" finished-at="2023-05-18T10:17:35 IST">
          <reporter-output>
          </reporter-output>
        </test-method> <!-- preCondition -->
        <test-method status="PASS" signature="runCart(java.lang.String, java.lang.String, java.lang.String, java.lang.String, java.lang.String)[pri:0, instance:com.opencart.testcases.TC001_ConfirmOrder@2fd66ad3]" name="runCart" duration-ms="21589" started-at="2023-05-18T10:17:35 IST" data-provider="fetchData" finished-at="2023-05-18T10:17:57 IST">
          <params>
            <param index="0">
              <value>
                <![CDATA[iMac]]>
              </value>
            </param>
            <param index="1">
              <value>
                <![CDATA[Chennai]]>
              </value>
            </param>
            <param index="2">
              <value>
                <![CDATA[India]]>
              </value>
            </param>
            <param index="3">
              <value>
                <![CDATA[629001]]>
              </value>
            </param>
            <param index="4">
              <value>
                <![CDATA[Tamil Nadu]]>
              </value>
            </param>
          </params>
          <reporter-output>
          </reporter-output>
        </test-method> <!-- runCart -->
        <test-method status="PASS" signature="postCondition()[pri:0, instance:com.opencart.testcases.TC001_ConfirmOrder@2fd66ad3]" name="postCondition" is-config="true" duration-ms="144" started-at="2023-05-18T10:17:57 IST" finished-at="2023-05-18T10:17:57 IST">
          <reporter-output>
          </reporter-output>
        </test-method> <!-- postCondition -->
        <test-method status="PASS" signature="tearDownClass()[pri:0, instance:com.opencart.testcases.TC001_ConfirmOrder@2fd66ad3]" name="tearDownClass" is-config="true" duration-ms="11" started-at="2023-05-18T10:17:57 IST" finished-at="2023-05-18T10:17:57 IST">
          <reporter-output>
          </reporter-output>
        </test-method> <!-- tearDownClass -->
        <test-method status="PASS" signature="endResult()[pri:0, instance:com.opencart.testcases.TC001_ConfirmOrder@2fd66ad3]" name="endResult" is-config="true" duration-ms="305" started-at="2023-05-18T10:18:02 IST" finished-at="2023-05-18T10:18:02 IST">
          <reporter-output>
          </reporter-output>
        </test-method> <!-- endResult -->
      </class> <!-- com.opencart.testcases.TC001_ConfirmOrder -->
    </test> <!-- Default test -->
  </suite> <!-- Default suite -->
</testng-results>
